<?xml version="1.0" encoding="UTF-8"?>
<!-- Generated by org.testng.reporters.JUnitXMLReporter -->
<testsuite ignored="2" hostname="LAPTOP-2EFM3REO" failures="0" tests="2" name="TestA" time="3.683" errors="0" timestamp="08 May 2020 18:51:54 GMT">
  <testcase classname="testcases.LoginTest" name="loginAs_BANKmanager" time="3.632"/>
  <testcase classname="testcases.AddCustomertTEST" name="AddCustomer" time="0.0">
    <skipped/>
  </testcase> <!-- AddCustomer -->
  <testcase classname="Base.TestBase" name="@BeforeSuite setUP" time="0.0">
    <ignored/>
  </testcase> <!-- @BeforeSuite setUP -->
  <testcase classname="Base.TestBase" name="@AfterSuite tearDown" time="0.0">
    <ignored/>
  </testcase> <!-- @AfterSuite tearDown -->
</testsuite> <!-- TestA -->
