<?xml version="1.0" encoding="UTF-8"?>
<testng-results ignored="0" total="3" passed="3" failed="0" skipped="0">
  <reporter-output>
    <line>
      <![CDATA[Login test executed successfully]]>
    </line>
    <line>
      <![CDATA[TEST has got passed!]]>
    </line>
    <line>
      <![CDATA[TEST has got passed!]]>
    </line>
    <line>
      <![CDATA[TEST has got passed!]]>
    </line>
  </reporter-output>
  <suite started-at="2020-05-10T09:22:43Z" name="Data driven Basics" finished-at="2020-05-10T09:22:56Z" duration-ms="13317">
    <groups>
    </groups>
    <test started-at="2020-05-10T09:22:43Z" name="LoginTest" finished-at="2020-05-10T09:22:47Z" duration-ms="4145">
      <class name="testcases.LoginTest">
        <test-method signature="loginAs_BANKmanager()[pri:0, instance:testcases.LoginTest@13bc8645]" started-at="2020-05-10T09:22:43Z" name="loginAs_BANKmanager" finished-at="2020-05-10T09:22:47Z" duration-ms="4096" status="PASS">
          <reporter-output>
            <line>
              <![CDATA[Login test executed successfully]]>
            </line>
            <line>
              <![CDATA[TEST has got passed!]]>
            </line>
          </reporter-output>
        </test-method> <!-- loginAs_BANKmanager -->
      </class> <!-- testcases.LoginTest -->
    </test> <!-- LoginTest -->
    <test started-at="2020-05-10T09:22:47Z" name="Add Customer TEst" finished-at="2020-05-10T09:22:56Z" duration-ms="8564">
      <class name="testcases.AddCustomertTEST">
        <test-method is-config="true" signature="setUP()[pri:0, instance:testcases.AddCustomertTEST@4fa1c212]" started-at="2020-05-10T09:22:35Z" name="setUP" finished-at="2020-05-10T09:22:43Z" duration-ms="7769" status="PASS">
          <reporter-output>
          </reporter-output>
        </test-method> <!-- setUP -->
        <test-method signature="AddCustomer(java.lang.String, java.lang.String, java.lang.String, java.lang.String)[pri:0, instance:testcases.AddCustomertTEST@4fa1c212]" started-at="2020-05-10T09:22:49Z" name="AddCustomer" data-provider="dp" finished-at="2020-05-10T09:22:53Z" duration-ms="3754" status="PASS">
          <params>
            <param index="0">
              <value>
                <![CDATA[Raman]]>
              </value>
            </param>
            <param index="1">
              <value>
                <![CDATA[Arora]]>
              </value>
            </param>
            <param index="2">
              <value>
                <![CDATA[800172.0]]>
              </value>
            </param>
            <param index="3">
              <value>
                <![CDATA[Customer added successfully with customer id]]>
              </value>
            </param>
          </params>
          <reporter-output>
            <line>
              <![CDATA[TEST has got passed!]]>
            </line>
          </reporter-output>
        </test-method> <!-- AddCustomer -->
        <test-method signature="AddCustomer(java.lang.String, java.lang.String, java.lang.String, java.lang.String)[pri:0, instance:testcases.AddCustomertTEST@4fa1c212]" started-at="2020-05-10T09:22:53Z" name="AddCustomer" data-provider="dp" finished-at="2020-05-10T09:22:56Z" duration-ms="3405" status="PASS">
          <params>
            <param index="0">
              <value>
                <![CDATA[Saipayan]]>
              </value>
            </param>
            <param index="1">
              <value>
                <![CDATA[Chakraborty]]>
              </value>
            </param>
            <param index="2">
              <value>
                <![CDATA[700016.0]]>
              </value>
            </param>
            <param index="3">
              <value>
                <![CDATA[Customer added successfully with customer id]]>
              </value>
            </param>
          </params>
          <reporter-output>
            <line>
              <![CDATA[TEST has got passed!]]>
            </line>
          </reporter-output>
        </test-method> <!-- AddCustomer -->
        <test-method is-config="true" signature="tearDown()[pri:0, instance:testcases.AddCustomertTEST@4fa1c212]" started-at="2020-05-10T09:22:56Z" name="tearDown" finished-at="2020-05-10T09:22:57Z" duration-ms="730" status="PASS">
          <reporter-output>
          </reporter-output>
        </test-method> <!-- tearDown -->
      </class> <!-- testcases.AddCustomertTEST -->
    </test> <!-- Add Customer TEst -->
  </suite> <!-- Data driven Basics -->
</testng-results>
